2024-06-02 17:18:23.666 | ERROR    | __main__:get_book_price_from_page:301 - Aucun noeud de prix trouver sur la page
2024-06-02 17:20:23.621 | ERROR    | __main__:get_book_price_from_page:306 - Impossible de trouver le prix du livree list index out of range
2024-06-02 19:33:47.923 | ERROR    | __main__:get_all_books_urls:248 - Error lors de l'acces à l'url : https://books.toscrape.com/page-3.html : 404 Client Error: Not Found for url: https://books.toscrape.com/page-3.html
2024-06-02 19:33:49.831 | ERROR    | __main__:get_all_books_urls:248 - Error lors de l'acces à l'url : https://books.toscrape.com/page-3.html : 404 Client Error: Not Found for url: https://books.toscrape.com/page-3.html
2024-06-02 19:33:50.717 | ERROR    | __main__:get_all_books_urls:248 - Error lors de l'acces à l'url : https://books.toscrape.com/page-3.html : 404 Client Error: Not Found for url: https://books.toscrape.com/page-3.html
2024-06-02 19:33:51.601 | ERROR    | __main__:get_all_books_urls:248 - Error lors de l'acces à l'url : https://books.toscrape.com/page-3.html : 404 Client Error: Not Found for url: https://books.toscrape.com/page-3.html
2024-06-02 19:33:52.481 | ERROR    | __main__:get_all_books_urls:248 - Error lors de l'acces à l'url : https://books.toscrape.com/page-3.html : 404 Client Error: Not Found for url: https://books.toscrape.com/page-3.html
2024-06-02 19:33:53.357 | ERROR    | __main__:get_all_books_urls:248 - Error lors de l'acces à l'url : https://books.toscrape.com/page-3.html : 404 Client Error: Not Found for url: https://books.toscrape.com/page-3.html
2024-06-02 19:33:54.247 | ERROR    | __main__:get_all_books_urls:248 - Error lors de l'acces à l'url : https://books.toscrape.com/page-3.html : 404 Client Error: Not Found for url: https://books.toscrape.com/page-3.html
2024-06-02 19:33:55.130 | ERROR    | __main__:get_all_books_urls:248 - Error lors de l'acces à l'url : https://books.toscrape.com/page-3.html : 404 Client Error: Not Found for url: https://books.toscrape.com/page-3.html
2024-06-02 19:33:55.987 | ERROR    | __main__:get_all_books_urls:248 - Error lors de l'acces à l'url : https://books.toscrape.com/page-3.html : 404 Client Error: Not Found for url: https://books.toscrape.com/page-3.html
2024-06-02 19:33:56.839 | ERROR    | __main__:get_all_books_urls:248 - Error lors de l'acces à l'url : https://books.toscrape.com/page-3.html : 404 Client Error: Not Found for url: https://books.toscrape.com/page-3.html
2024-06-02 19:33:57.713 | ERROR    | __main__:get_all_books_urls:248 - Error lors de l'acces à l'url : https://books.toscrape.com/page-3.html : 404 Client Error: Not Found for url: https://books.toscrape.com/page-3.html
2024-06-02 19:33:58.578 | ERROR    | __main__:get_all_books_urls:248 - Error lors de l'acces à l'url : https://books.toscrape.com/page-3.html : 404 Client Error: Not Found for url: https://books.toscrape.com/page-3.html
2024-06-02 19:42:18.457 | ERROR    | __main__:get_all_books_urls:248 - Error lors de l'acces à l'url : https://books.toscrape.com/page-3.html : 404 Client Error: Not Found for url: https://books.toscrape.com/page-3.html
2024-06-02 19:42:19.342 | ERROR    | __main__:get_all_books_urls:248 - Error lors de l'acces à l'url : https://books.toscrape.com/page-3.html : 404 Client Error: Not Found for url: https://books.toscrape.com/page-3.html
2024-06-02 19:42:20.217 | ERROR    | __main__:get_all_books_urls:248 - Error lors de l'acces à l'url : https://books.toscrape.com/page-3.html : 404 Client Error: Not Found for url: https://books.toscrape.com/page-3.html
2024-06-02 19:42:21.070 | ERROR    | __main__:get_all_books_urls:248 - Error lors de l'acces à l'url : https://books.toscrape.com/page-3.html : 404 Client Error: Not Found for url: https://books.toscrape.com/page-3.html
2024-06-02 19:46:56.384 | ERROR    | __main__:get_all_books_urls:248 - Error lors de l'acces à l'url : https://books.toscrape.com/catalogue/catalogue/page-2.html : 404 Client Error: Not Found for url: https://books.toscrape.com/catalogue/catalogue/page-2.html
2024-06-02 19:46:57.225 | ERROR    | __main__:get_all_books_urls:248 - Error lors de l'acces à l'url : https://books.toscrape.com/catalogue/catalogue/page-2.html : 404 Client Error: Not Found for url: https://books.toscrape.com/catalogue/catalogue/page-2.html
2024-06-02 19:46:58.100 | ERROR    | __main__:get_all_books_urls:248 - Error lors de l'acces à l'url : https://books.toscrape.com/catalogue/catalogue/page-2.html : 404 Client Error: Not Found for url: https://books.toscrape.com/catalogue/catalogue/page-2.html
2024-06-02 19:46:58.980 | ERROR    | __main__:get_all_books_urls:248 - Error lors de l'acces à l'url : https://books.toscrape.com/catalogue/catalogue/page-2.html : 404 Client Error: Not Found for url: https://books.toscrape.com/catalogue/catalogue/page-2.html
2024-06-02 19:46:59.827 | ERROR    | __main__:get_all_books_urls:248 - Error lors de l'acces à l'url : https://books.toscrape.com/catalogue/catalogue/page-2.html : 404 Client Error: Not Found for url: https://books.toscrape.com/catalogue/catalogue/page-2.html
2024-06-02 19:47:00.718 | ERROR    | __main__:get_all_books_urls:248 - Error lors de l'acces à l'url : https://books.toscrape.com/catalogue/catalogue/page-2.html : 404 Client Error: Not Found for url: https://books.toscrape.com/catalogue/catalogue/page-2.html
2024-06-02 19:47:01.560 | ERROR    | __main__:get_all_books_urls:248 - Error lors de l'acces à l'url : https://books.toscrape.com/catalogue/catalogue/page-2.html : 404 Client Error: Not Found for url: https://books.toscrape.com/catalogue/catalogue/page-2.html
2024-06-02 19:47:02.434 | ERROR    | __main__:get_all_books_urls:248 - Error lors de l'acces à l'url : https://books.toscrape.com/catalogue/catalogue/page-2.html : 404 Client Error: Not Found for url: https://books.toscrape.com/catalogue/catalogue/page-2.html
2024-06-02 19:47:03.316 | ERROR    | __main__:get_all_books_urls:248 - Error lors de l'acces à l'url : https://books.toscrape.com/catalogue/catalogue/page-2.html : 404 Client Error: Not Found for url: https://books.toscrape.com/catalogue/catalogue/page-2.html
2024-06-02 19:47:04.180 | ERROR    | __main__:get_all_books_urls:248 - Error lors de l'acces à l'url : https://books.toscrape.com/catalogue/catalogue/page-2.html : 404 Client Error: Not Found for url: https://books.toscrape.com/catalogue/catalogue/page-2.html
2024-06-02 19:47:05.019 | ERROR    | __main__:get_all_books_urls:248 - Error lors de l'acces à l'url : https://books.toscrape.com/catalogue/catalogue/page-2.html : 404 Client Error: Not Found for url: https://books.toscrape.com/catalogue/catalogue/page-2.html
2024-06-02 19:47:05.879 | ERROR    | __main__:get_all_books_urls:248 - Error lors de l'acces à l'url : https://books.toscrape.com/catalogue/catalogue/page-2.html : 404 Client Error: Not Found for url: https://books.toscrape.com/catalogue/catalogue/page-2.html
2024-06-02 19:47:06.733 | ERROR    | __main__:get_all_books_urls:248 - Error lors de l'acces à l'url : https://books.toscrape.com/catalogue/catalogue/page-2.html : 404 Client Error: Not Found for url: https://books.toscrape.com/catalogue/catalogue/page-2.html
2024-06-02 19:47:07.585 | ERROR    | __main__:get_all_books_urls:248 - Error lors de l'acces à l'url : https://books.toscrape.com/catalogue/catalogue/page-2.html : 404 Client Error: Not Found for url: https://books.toscrape.com/catalogue/catalogue/page-2.html
2024-06-02 19:48:24.699 | ERROR    | __main__:get_all_books_urls:248 - Error lors de l'acces à l'url : https://books.toscrape.com/page-3.html : 404 Client Error: Not Found for url: https://books.toscrape.com/page-3.html
2024-06-02 19:48:25.569 | ERROR    | __main__:get_all_books_urls:248 - Error lors de l'acces à l'url : https://books.toscrape.com/page-3.html : 404 Client Error: Not Found for url: https://books.toscrape.com/page-3.html
2024-06-02 19:48:26.402 | ERROR    | __main__:get_all_books_urls:248 - Error lors de l'acces à l'url : https://books.toscrape.com/page-3.html : 404 Client Error: Not Found for url: https://books.toscrape.com/page-3.html
2024-06-02 19:48:27.282 | ERROR    | __main__:get_all_books_urls:248 - Error lors de l'acces à l'url : https://books.toscrape.com/page-3.html : 404 Client Error: Not Found for url: https://books.toscrape.com/page-3.html
2024-06-02 19:48:28.150 | ERROR    | __main__:get_all_books_urls:248 - Error lors de l'acces à l'url : https://books.toscrape.com/page-3.html : 404 Client Error: Not Found for url: https://books.toscrape.com/page-3.html
2024-06-02 19:48:28.993 | ERROR    | __main__:get_all_books_urls:248 - Error lors de l'acces à l'url : https://books.toscrape.com/page-3.html : 404 Client Error: Not Found for url: https://books.toscrape.com/page-3.html
2024-06-02 19:48:29.835 | ERROR    | __main__:get_all_books_urls:248 - Error lors de l'acces à l'url : https://books.toscrape.com/page-3.html : 404 Client Error: Not Found for url: https://books.toscrape.com/page-3.html
2024-06-02 19:48:30.667 | ERROR    | __main__:get_all_books_urls:248 - Error lors de l'acces à l'url : https://books.toscrape.com/page-3.html : 404 Client Error: Not Found for url: https://books.toscrape.com/page-3.html
2024-06-02 19:48:31.543 | ERROR    | __main__:get_all_books_urls:248 - Error lors de l'acces à l'url : https://books.toscrape.com/page-3.html : 404 Client Error: Not Found for url: https://books.toscrape.com/page-3.html
2024-06-02 20:11:49.423 | ERROR    | __main__:get_book_quantity_from_page:356 - Aucun nombre n'a été trouver dans le noeud p.instock.availability sur la page : list index out of range
